<?xml version="1.0" encoding="UTF-8"?>
<coverage generated="1674581029368" clover="3.2.0">
  <project timestamp="1674581029368" name="All files">
    <metrics statements="15" coveredstatements="15" conditionals="4" coveredconditionals="4" methods="7" coveredmethods="7" elements="26" coveredelements="26" complexity="0" loc="15" ncloc="15" packages="1" files="4" classes="4"/>
    <file name="taskFour.js" path="/Users/eric/Desktop/Eric/Microverse/Module 2/Testing/testing-practice/taskFour.js">
      <metrics statements="2" coveredstatements="2" conditionals="0" coveredconditionals="0" methods="1" coveredmethods="1"/>
      <line num="2" count="1" type="stmt"/>
      <line num="5" count="1" type="stmt"/>
    </file>
    <file name="taskOne.js" path="/Users/eric/Desktop/Eric/Microverse/Module 2/Testing/testing-practice/taskOne.js">
      <metrics statements="4" coveredstatements="4" conditionals="4" coveredconditionals="4" methods="1" coveredmethods="1"/>
      <line num="2" count="2" type="cond" truecount="4" falsecount="0"/>
      <line num="3" count="1" type="stmt"/>
      <line num="4" count="1" type="stmt"/>
      <line num="7" count="1" type="stmt"/>
    </file>
    <file name="taskThree.js" path="/Users/eric/Desktop/Eric/Microverse/Module 2/Testing/testing-practice/taskThree.js">
      <metrics statements="6" coveredstatements="6" conditionals="0" coveredconditionals="0" methods="4" coveredmethods="4"/>
      <line num="1" count="1" type="stmt"/>
      <line num="3" count="1" type="stmt"/>
      <line num="6" count="1" type="stmt"/>
      <line num="9" count="1" type="stmt"/>
      <line num="12" count="1" type="stmt"/>
      <line num="15" count="1" type="stmt"/>
    </file>
    <file name="taskTwo.js" path="/Users/eric/Desktop/Eric/Microverse/Module 2/Testing/testing-practice/taskTwo.js">
      <metrics statements="3" coveredstatements="3" conditionals="0" coveredconditionals="0" methods="1" coveredmethods="1"/>
      <line num="2" count="1" type="stmt"/>
      <line num="3" count="1" type="stmt"/>
      <line num="5" count="1" type="stmt"/>
    </file>
  </project>
</coverage>
